2025-09-11 07:04:00 | DEBUG | repo=pv243-a4m36jee-2018-security-seminar | action=commit
2025-08-22 17:14:00 | INFO | repo=pv243-a4m36jee-2018-security-seminar | action=commit
2025-08-07 08:07:00 | INFO | repo=pv243-a4m36jee-2018-security-seminar | action=commit
2025-01-23 14:51:00 | INFO | repo=pv243-a4m36jee-2018-security-seminar | action=commit
2025-05-12 09:41:00 | DEBUG | repo=pv243-a4m36jee-2018-security-seminar | action=commit
2025-03-04 15:29:00 | INFO | repo=pv243-a4m36jee-2018-security-seminar | action=pull
2025-11-01 15:08:00 | INFO | repo=pv243-a4m36jee-2018-security-seminar | action=commit
2025-12-15 21:03:00 | INFO | repo=pv243-a4m36jee-2018-security-seminar | action=commit
2025-07-16 10:24:00 | INFO | repo=pv243-a4m36jee-2018-security-seminar | action=commit
2025-09-19 20:00:00 | DEBUG | repo=pv243-a4m36jee-2018-security-seminar | action=edit | files=4
2025-02-07 08:26:00 | INFO | repo=pv243-a4m36jee-2018-security-seminar | action=commit
2025-03-01 14:17:00 | INFO | repo=pv243-a4m36jee-2018-security-seminar | action=commit
2025-03-08 12:07:00 | INFO | repo=pv243-a4m36jee-2018-security-seminar | action=commit
2025-09-08 10:11:00 | DEBUG | repo=pv243-a4m36jee-2018-security-seminar | action=commit
2025-08-16 08:40:00 | INFO | repo=pv243-a4m36jee-2018-security-seminar | action=commit
2025-05-12 21:09:00 | DEBUG | repo=pv243-a4m36jee-2018-security-seminar | action=commit
2025-09-27 20:26:00 | DEBUG | repo=pv243-a4m36jee-2018-security-seminar | action=commit
2025-10-27 15:44:00 | WARN | repo=pv243-a4m36jee-2018-security-seminar | action=commit
2025-03-26 21:11:00 | INFO | repo=pv243-a4m36jee-2018-security-seminar | action=commit
2025-05-16 09:58:00 | INFO | repo=pv243-a4m36jee-2018-security-seminar | action=test | passed=true
2025-10-09 07:35:00 | INFO | repo=pv243-a4m36jee-2018-security-seminar | action=commit
2025-09-02 19:22:00 | WARN | repo=pv243-a4m36jee-2018-security-seminar | action=test | passed=true
2025-10-06 10:13:00 | DEBUG | repo=pv243-a4m36jee-2018-security-seminar | action=commit
2025-04-19 13:46:00 | DEBUG | repo=pv243-a4m36jee-2018-security-seminar | action=commit
2025-08-25 16:07:00 | DEBUG | repo=pv243-a4m36jee-2018-security-seminar | action=test | passed=true
2025-11-07 15:41:00 | DEBUG | repo=pv243-a4m36jee-2018-security-seminar | action=commit
2025-09-22 16:48:00 | DEBUG | repo=pv243-a4m36jee-2018-security-seminar | action=commit
2025-07-26 19:53:00 | WARN | repo=pv243-a4m36jee-2018-security-seminar | action=commit
2025-04-11 07:54:00 | INFO | repo=pv243-a4m36jee-2018-security-seminar | action=commit
